Nov 26, 2022 9:15:37 PM org.apache.coyote.AbstractProtocol init
INFO: Initializing ProtocolHandler ["http-nio-auto-1"]
Nov 26, 2022 9:15:37 PM org.apache.tomcat.util.net.NioSelectorPool getSharedSelector
INFO: Using a shared selector for servlet write/read
Nov 26, 2022 9:15:37 PM org.apache.catalina.core.StandardService startInternal
INFO: Starting service [Tomcat]
Nov 26, 2022 9:15:37 PM org.apache.catalina.core.StandardEngine startInternal
INFO: Starting Servlet engine: [Apache Tomcat/8.5.69]
Nov 26, 2022 9:15:37 PM org.apache.coyote.AbstractProtocol start
INFO: Starting ProtocolHandler ["http-nio-auto-1-34859"]
Nov 26, 2022 9:15:38 PM exercise.servlet.SessionServlet login
INFO: Страница загруженаlavern.keeling@gmail.com
Nov 26, 2022 9:15:38 PM exercise.servlet.SessionServlet login
INFO: Страница загруженаshoshana.haley@hotmail.com
Nov 26, 2022 9:15:38 PM exercise.servlet.SessionServlet login
INFO: Страница загруженаsuzann.barrows@hotmail.com
Nov 26, 2022 9:15:38 PM exercise.servlet.SessionServlet login
INFO: Страница загруженаlavern.keeling@gmail.com
Nov 26, 2022 9:15:38 PM exercise.servlet.SessionServlet login
INFO: Страница загруженаlavern.keeling@gmail.com
Nov 26, 2022 9:15:38 PM exercise.servlet.SessionServlet login
INFO: Страница загруженаlavern.keeling@gmail.com
Nov 26, 2022 9:15:38 PM org.apache.coyote.AbstractProtocol pause
INFO: Pausing ProtocolHandler ["http-nio-auto-1-34859"]
Nov 26, 2022 9:15:38 PM org.apache.catalina.core.StandardService stopInternal
INFO: Stopping service [Tomcat]
Nov 26, 2022 9:15:38 PM org.apache.catalina.loader.WebappClassLoaderBase clearReferencesObjectStreamClassCaches
WARNING: When running on Java 9 or later you need to add "--add-opens=java.base/java.io=null" to the JVM command line arguments to enable ObjectStream cache memory leak protection. Alternatively, you can suppress this warning by disabling ObjectStream class cache memory leak protection.
Nov 26, 2022 9:15:38 PM org.apache.catalina.loader.WebappClassLoaderBase clearReferencesRmiTargets
WARNING: When running on Java 9 or later you need to add "--add-opens=java.rmi/sun.rmi.transport=null" to the JVM command line arguments to enable RMI Target memory leak detection. Alternatively, you can suppress this warning by disabling RMI Target memory leak detection.
Nov 26, 2022 9:15:38 PM org.apache.coyote.AbstractProtocol stop
INFO: Stopping ProtocolHandler ["http-nio-auto-1-34859"]
Nov 26, 2022 9:15:44 PM org.apache.coyote.AbstractProtocol init
INFO: Initializing ProtocolHandler ["http-nio-5000"]
Nov 26, 2022 9:15:44 PM org.apache.tomcat.util.net.NioSelectorPool getSharedSelector
INFO: Using a shared selector for servlet write/read
Nov 26, 2022 9:15:44 PM org.apache.catalina.core.StandardService startInternal
INFO: Starting service [Tomcat]
Nov 26, 2022 9:15:44 PM org.apache.catalina.core.StandardEngine startInternal
INFO: Starting Servlet engine: [Apache Tomcat/8.5.69]
Nov 26, 2022 9:15:44 PM org.apache.coyote.AbstractProtocol start
INFO: Starting ProtocolHandler ["http-nio-5000"]
